[2012-07-27 16:01:01] request.ERROR: Symfony\Component\HttpKernel\Exception\NotFoundHttpException: No route found for "GET /" (uncaught exception) at /var/www/seowatchman_sf/vendor/symfony/src/Symfony/Bundle/FrameworkBundle/EventListener/RouterListener.php line 83 [] []
[2012-07-29 18:46:20] request.ERROR: Symfony\Component\HttpKernel\Exception\NotFoundHttpException: No route found for "GET /img/glyphicons-halflings-white.png" (uncaught exception) at /var/www/seowatchman_sf/vendor/symfony/src/Symfony/Bundle/FrameworkBundle/EventListener/RouterListener.php line 83 [] []
[2012-07-29 18:46:30] request.ERROR: Symfony\Component\HttpKernel\Exception\NotFoundHttpException: No route found for "GET /img/glyphicons-halflings-white.png" (uncaught exception) at /var/www/seowatchman_sf/app/cache/prod/classes.php line 4584 [] []
[2012-07-29 18:46:35] request.ERROR: Symfony\Component\HttpKernel\Exception\NotFoundHttpException: No route found for "GET /imag/glyphicons-halflings-white.png" (uncaught exception) at /var/www/seowatchman_sf/app/cache/prod/classes.php line 4584 [] []
[2012-07-29 18:46:41] request.ERROR: Symfony\Component\HttpKernel\Exception\NotFoundHttpException: No route found for "GET /css/images/glyphicons-halflings-white.png" (uncaught exception) at /var/www/seowatchman_sf/app/cache/prod/classes.php line 4584 [] []
[2012-07-29 18:47:52] request.ERROR: Symfony\Component\HttpKernel\Exception\NotFoundHttpException: No route found for "GET /css/images/glyphicons-halflings-white.png" (uncaught exception) at /var/www/seowatchman_sf/app/cache/prod/classes.php line 4584 [] []
[2012-07-29 18:47:56] request.ERROR: Symfony\Component\HttpKernel\Exception\NotFoundHttpException: No route found for "GET /css/images/glyphicons-halflings.png" (uncaught exception) at /var/www/seowatchman_sf/app/cache/prod/classes.php line 4584 [] []
[2012-07-29 18:47:58] request.ERROR: Symfony\Component\HttpKernel\Exception\NotFoundHttpException: No route found for "GET /css/images/glyphicons-halflings.png" (uncaught exception) at /var/www/seowatchman_sf/app/cache/prod/classes.php line 4584 [] []
[2012-07-29 18:48:03] request.ERROR: Symfony\Component\HttpKernel\Exception\NotFoundHttpException: No route found for "GET /css/images/glyphicons-halflings-white.png" (uncaught exception) at /var/www/seowatchman_sf/app/cache/prod/classes.php line 4584 [] []
[2012-07-29 21:28:39] request.ERROR: Symfony\Component\HttpKernel\Exception\NotFoundHttpException: No route found for "GET /js/projects.js" (uncaught exception) at /var/www/seowatchman_sf/app/cache/prod/classes.php line 4584 [] []
[2012-07-29 21:28:39] request.ERROR: Symfony\Component\HttpKernel\Exception\NotFoundHttpException: No route found for "GET /js/projects.js" (uncaught exception) at /var/www/seowatchman_sf/app/cache/prod/classes.php line 4584 [] []
[2012-07-29 21:29:51] request.ERROR: Symfony\Component\HttpKernel\Exception\NotFoundHttpException: No route found for "GET /js/projects.js" (uncaught exception) at /var/www/seowatchman_sf/app/cache/prod/classes.php line 4584 [] []
[2012-07-29 21:29:51] request.ERROR: Symfony\Component\HttpKernel\Exception\NotFoundHttpException: No route found for "GET /js/projects.js" (uncaught exception) at /var/www/seowatchman_sf/app/cache/prod/classes.php line 4584 [] []
[2012-07-29 21:30:11] request.ERROR: Symfony\Component\HttpKernel\Exception\NotFoundHttpException: No route found for "GET /js/projects.js" (uncaught exception) at /var/www/seowatchman_sf/app/cache/prod/classes.php line 4584 [] []
[2012-07-29 21:30:11] request.ERROR: Symfony\Component\HttpKernel\Exception\NotFoundHttpException: No route found for "GET /js/projects.js" (uncaught exception) at /var/www/seowatchman_sf/app/cache/prod/classes.php line 4584 [] []
[2012-07-29 21:30:29] request.ERROR: Symfony\Component\HttpKernel\Exception\NotFoundHttpException: No route found for "GET /js/projects.js" (uncaught exception) at /var/www/seowatchman_sf/app/cache/prod/classes.php line 4584 [] []
[2012-07-29 21:30:30] request.ERROR: Symfony\Component\HttpKernel\Exception\NotFoundHttpException: No route found for "GET /js/projects.js" (uncaught exception) at /var/www/seowatchman_sf/app/cache/prod/classes.php line 4584 [] []
[2012-08-14 11:47:44] request.ERROR: Symfony\Component\HttpKernel\Exception\NotFoundHttpException: No route found for "GET /js/pages/competitors.js" (uncaught exception) at /var/www/seowatchman_sf/app/cache/prod/classes.php line 4584 [] []
[2012-08-14 11:47:44] request.ERROR: Symfony\Component\HttpKernel\Exception\NotFoundHttpException: No route found for "GET /js/pages/competitors.js" (uncaught exception) at /var/www/seowatchman_sf/app/cache/prod/classes.php line 4584 [] []
[2012-08-14 11:49:43] request.ERROR: Symfony\Component\HttpKernel\Exception\NotFoundHttpException: No route found for "GET /js/pages/competitors.js" (uncaught exception) at /var/www/seowatchman_sf/app/cache/prod/classes.php line 4584 [] []
[2012-08-14 11:49:43] request.ERROR: Symfony\Component\HttpKernel\Exception\NotFoundHttpException: No route found for "GET /js/pages/competitors.js" (uncaught exception) at /var/www/seowatchman_sf/app/cache/prod/classes.php line 4584 [] []
[2012-08-14 14:09:41] request.ERROR: Symfony\Component\HttpKernel\Exception\NotFoundHttpException: No route found for "GET /js/pages/competitors.js" (uncaught exception) at /var/www/seowatchman_sf/app/cache/prod/classes.php line 4584 [] []
[2012-08-14 14:09:41] request.ERROR: Symfony\Component\HttpKernel\Exception\NotFoundHttpException: No route found for "GET /js/pages/competitors.js" (uncaught exception) at /var/www/seowatchman_sf/app/cache/prod/classes.php line 4584 [] []
[2012-08-14 14:55:44] request.ERROR: Symfony\Component\HttpKernel\Exception\NotFoundHttpException: No route found for "GET /js/pages/competitors.js" (uncaught exception) at /var/www/seowatchman_sf/app/cache/prod/classes.php line 4584 [] []
[2012-08-14 14:55:44] request.ERROR: Symfony\Component\HttpKernel\Exception\NotFoundHttpException: No route found for "GET /js/pages/competitors.js" (uncaught exception) at /var/www/seowatchman_sf/app/cache/prod/classes.php line 4584 [] []
[2012-08-14 14:55:51] request.ERROR: Symfony\Component\HttpKernel\Exception\NotFoundHttpException: No route found for "GET /js/pages/competitors.js" (uncaught exception) at /var/www/seowatchman_sf/app/cache/prod/classes.php line 4584 [] []
[2012-08-14 14:55:51] request.ERROR: Symfony\Component\HttpKernel\Exception\NotFoundHttpException: No route found for "GET /js/pages/competitors.js" (uncaught exception) at /var/www/seowatchman_sf/app/cache/prod/classes.php line 4584 [] []
[2012-08-14 14:57:06] request.ERROR: Symfony\Component\HttpKernel\Exception\NotFoundHttpException: No route found for "GET /js/pages/competitors.js" (uncaught exception) at /var/www/seowatchman_sf/app/cache/prod/classes.php line 4584 [] []
[2012-08-14 14:57:06] request.ERROR: Symfony\Component\HttpKernel\Exception\NotFoundHttpException: No route found for "GET /js/pages/competitors.js" (uncaught exception) at /var/www/seowatchman_sf/app/cache/prod/classes.php line 4584 [] []
[2012-08-14 14:57:11] request.ERROR: Symfony\Component\HttpKernel\Exception\NotFoundHttpException: No route found for "GET /js/pages/competitors.js" (uncaught exception) at /var/www/seowatchman_sf/app/cache/prod/classes.php line 4584 [] []
[2012-08-14 14:57:16] request.ERROR: Symfony\Component\HttpKernel\Exception\NotFoundHttpException: No route found for "GET /js/pages/competitors.js" (uncaught exception) at /var/www/seowatchman_sf/app/cache/prod/classes.php line 4584 [] []
[2012-08-14 14:57:16] request.ERROR: Symfony\Component\HttpKernel\Exception\NotFoundHttpException: No route found for "GET /js/pages/competitors.js" (uncaught exception) at /var/www/seowatchman_sf/app/cache/prod/classes.php line 4584 [] []
[2012-08-14 14:57:22] request.ERROR: Symfony\Component\HttpKernel\Exception\NotFoundHttpException: No route found for "GET /js/pages/competitors.js" (uncaught exception) at /var/www/seowatchman_sf/app/cache/prod/classes.php line 4584 [] []
[2012-08-14 14:57:22] request.ERROR: Symfony\Component\HttpKernel\Exception\NotFoundHttpException: No route found for "GET /js/pages/competitors.js" (uncaught exception) at /var/www/seowatchman_sf/app/cache/prod/classes.php line 4584 [] []
[2012-08-14 15:37:08] request.ERROR: Symfony\Component\HttpKernel\Exception\NotFoundHttpException: No route found for "GET /js/pages/competitors.js" (uncaught exception) at /var/www/seowatchman_sf/app/cache/prod/classes.php line 4584 [] []
[2012-08-14 15:37:08] request.ERROR: Symfony\Component\HttpKernel\Exception\NotFoundHttpException: No route found for "GET /js/pages/competitors.js" (uncaught exception) at /var/www/seowatchman_sf/app/cache/prod/classes.php line 4584 [] []
[2012-10-13 11:03:19] request.ERROR: Symfony\Component\HttpKernel\Exception\NotFoundHttpException: No route found for "GET /" (uncaught exception) at /var/www/seowatchman_sf/app/cache/prod/classes.php line 4584 [] []
[2012-10-13 11:19:40] request.ERROR: Symfony\Component\HttpKernel\Exception\NotFoundHttpException: No route found for "GET /images/images_datepicker/images_datepicker/ui-bg_highlight-soft_100_eeeeee_1x100.png" (uncaught exception) at /var/www/seowatchman_sf/app/cache/prod/classes.php line 4584 [] []
[2012-10-13 19:13:11] request.ERROR: Symfony\Component\HttpKernel\Exception\NotFoundHttpException: No route found for "GET /images/images_datepicker/images_datepicker/ui-bg_highlight-soft_100_eeeeee_1x100.png" (uncaught exception) at /var/www/seowatchman_sf/app/cache/prod/classes.php line 4584 [] []
